<?xml version="1.0" encoding="UTF-8"?>
<testsuite xmlns:xsi="http://www.w3.org/2001/XMLSchema-instance" xsi:schemaLocation="https://maven.apache.org/surefire/maven-surefire-plugin/xsd/surefire-test-report.xsd" name="TestSuite" time="78.027" tests="2" errors="0" skipped="0" failures="1">
  <properties>
[...]
</properties>
  <testcase name="Testddclogin" classname="com.cb.test.ddcTest" time="27.821">
    <failure message="expected [true] but found [false]" type="java.lang.AssertionError">java.lang.AssertionError: expected [true] but found [false]
	at com.cb.test.ddcTest.Testddclogin(ddcTest.java:93)
</failure>
    <system-out><![CDATA[11-15-2017 10:13:15 BaseClass.java INFO  [main] base.BaseClass 134 - Chrome browser launching..
11-15-2017 10:13:18 ddcTest.java INFO  [main] test.JiRaTest 34 - Launched test url=http://ddc2web001:8080/Retail/servletcontroller
11-15-2017 10:13:18 ddcTest.java INFO  [main] test.JiRaTest 42 - Test Data Iteration = 1
11-15-2017 10:13:19 ddcTest.java INFO  [main] test.JiRaTest 54 - Browser capture title =Temenos Connect Internet Banking 2016
11-15-2017 10:13:21 ddcTest.java INFO  [main] test.JiRaTest 62 - Username selected=ROLFGERLINGTC
11-15-2017 10:13:24 ddcTest.java INFO  [main] test.JiRaTest 67 - Click on the next button
11-15-2017 10:13:28 ddcTest.java INFO  [main] test.JiRaTest 72 - Password selected=1234567
11-15-2017 10:13:31 ddcTest.java INFO  [main] test.JiRaTest 77 - Click on the SignIn button
11-15-2017 10:13:46 ddcTest.java INFO  [main] test.JiRaTest 82 - Logout label=
11-15-2017 10:13:46 ddcTest.java INFO  [main] test.JiRaTest 90 - Login NOT succesful
]]></system-out>
    <system-err><![CDATA[Starting ChromeDriver 2.33.506120 (e3e53437346286c0bc2d2dc9aa4915ba81d9023f) on port 4470
Only local connections are allowed.
]]></system-err>
  </testcase>
  <testcase name="Testddclogin" classname="com.cb.test.ddcTest" time="41.843"/>
</testsuite>